MPASM  5.50                     PROYECTO2.ASM   11-8-2022  20:07:29         PAGE  1


LOC  OBJECT CODE     LINE SOURCE TEXT
  VALUE

                      00001 ;********************************************************************
                      00002 ;Alumnno: Alejo Brites               DNI:44182530                   * 
                      00003 ;Fecha de entrega:11/11/2022                                        *
                      00004 ;Profesor: Roberto Garcia          PIC16F628A                       *
                      00005 ;En este programa encenderemos 4 leds varias veces, y de diferentes *
                      00006 ;maneras atraves de subrutinas                                      *
                      00007 ;Dispositivo: PIC16F628A                                            *
                      00008 ;********************************************************************
                      00009 
                      00010 ;********************************************************************
                      00011 ;                         DATOS                                     *
                      00012 ;********************************************************************
                      00013 
2007   3F10           00014                 __CONFIG 3F10
                      00015                 LIST p=16F628A
                      00016                 INCLUDE <p16F628A.INC>
                      00001         LIST
                      00002 
                      00003 ;==========================================================================
                      00004 ;  MPASM PIC16F628A processor include
                      00005 ; 
                      00006 ;  (c) Copyright 1999-2013 Microchip Technology, All rights reserved
                      00007 ;==========================================================================
                      00008 
                      00385         LIST
                      00017                 ERRORLEVEL -302 
                      00018 ;********************************************************************
                      00019 ;                          DEFINICIONES                             *
                      00020 ;********************************************************************
                      00021 
  00000020            00022 ACUMULADOR1 EQU 0x20 ;Reservamos espacio de memoria para la variable ACUMULADOR1
  00000021            00023 ACUMULADOR2 EQU 0x21 ;Reservamos espacio de memoria para la variable ACUMULADOR2
  00000022            00024 ACUMULADOR3 EQU 0x22 ;Reservamos espacio de memoria para la variable ACUMULADOR3
  00000023            00025 ACUMULADOR4 EQU 0x23 ;Reservamos espacio de memoria para la variable ACUMULADOR4
                      00026 
                      00027 ;********************************************************************
                      00028 
                      00029             ORG 0x00         
                      00030 
                      00031 ;********************************************************************
0000                  00032 INICIO
                      00033 
0000   2???           00034                 call CONFIGURACION_DE_PUERTOS
                      00035         
0001   2???           00036                 call RETARDO_DE1S
                      00037 
0002   2???           00038                 call PRENDER_LEDS
                      00039                 
0003   2???           00040                 call RETARDO_DE1S
0004   2???           00041                 call RETARDO_DE1S
0005   2???           00042                 call RETARDO_DE1S
                      00043         
0006   2???           00044         call PRENDERYAPAGAR_LEDS
MPASM  5.50                     PROYECTO2.ASM   11-8-2022  20:07:29         PAGE  2


LOC  OBJECT CODE     LINE SOURCE TEXT
  VALUE

0007   2???           00045                 call RETARDO_DE1S
0008   2???           00046                 call PRENDERYAPAGAR_LEDS
0009   2???           00047                 call RETARDO_DE1S
                      00048 
000A   2???           00049                 call RETARDO_DE1S
000B   2???           00050                 call RETARDO_DE1S
000C   2???           00051                 call RETARDO_DE1S
                      00052                 
000D   2???           00053         call PRENDERYAPAGAR_LEDS
000E   2???           00054                 call RETARDO_DE500ms
000F   2???           00055                 call PRENDERYAPAGAR_LEDS
0010   2???           00056                 call RETARDO_DE500ms
0011   2???           00057                 call PRENDERYAPAGAR_LEDS
0012   2???           00058                 call RETARDO_DE500ms
                      00059                 
0013   2???           00060                 call RETARDO_DE1S
0014   2???           00061                 call RETARDO_DE1S
0015   2???           00062                 call RETARDO_DE1S
                      00063 
0016   2???           00064                 call PRENDER_LEDS_DE_A_UNO
                      00065         
0017   2???           00066                 call APAGAR_LEDS_DE_A_UNO
                      00067 
0018   2???           00068                 call RETARDO_DE500ms    
                      00069 
0019   2???           00070                 goto INICIO
                      00071 ;********************************************************************
001A                  00072 CONFIGURACION_DE_PUERTOS
                      00073                         
001A   1683           00074                 bsf    STATUS,RP0 ;Nos movemos al Banco 1 para
001B   30F0           00075                 movlw  B'11110000'  ;configurar los bits 0,1,2,3 del PORTB
001C   0086           00076                 movwf  TRISB     ;como salida
001D   1283           00077                 bcf    STATUS,RP0 ;Y volvemos al Banco 0 para
001E   3000           00078                 movlw  B'00000000' ;setear en 0 el PORTB y matener los led apagados
001F   0086           00079                 movwf  PORTB
                      00080 
                      00081 ;********************************************************************
                      00082 
0020                  00083 PRENDER_LEDS
                      00084 
0020   1283           00085                 bcf    STATUS,RP0   ;Nos movemos al banco 0 para
0021   300F           00086                 movlw  b'00001111'  ;prender los leds de los bits 0,1,2,3
0022   0086           00087                 movwf  PORTB        ;del PORTB
0023   2???           00088                 call   RETARDO_DE500ms 
0024   0186           00089                 clrf   PORTB       ;luego del delay con el clrf apago todos los leds
                      00090 
0025   0008           00091                 return
                      00092 ;********************************************************************
                      00093 
0026                  00094 PRENDERYAPAGAR_LEDS
                      00095 
0026   1283           00096                 bcf    STATUS,RP0 ;Nos movemos al banco 0 y hacemos lo mismo que
0027   300F           00097                 movlw  b'00001111' ;la subrutina PRENDER_LEDS, solamente que
MPASM  5.50                     PROYECTO2.ASM   11-8-2022  20:07:29         PAGE  3


LOC  OBJECT CODE     LINE SOURCE TEXT
  VALUE

0028   0086           00098                 movwf  PORTB      ; en este quenero un retardo de 1seg
0029   2???           00099                 call   RETARDO_DE1S
002A   0186           00100                 clrf   PORTB
                      00101 
002B   0008           00102                 return
                      00103 
                      00104 ;********************************************************************
                      00105 
002C                  00106 PRENDER_LEDS_DE_A_UNO
                      00107 
002C   1283           00108                 bcf    STATUS,RP0    ;con esta subrutina lo que hacemos es
002D   1406           00109                 bsf        PORTB,0       ;atravez del "bsf", poner en 1 los bits 
002E   2???           00110                 call   RETARDO_DE500ms  ;0,1,2,3 del PORTB, uno por uno
002F   1486           00111                 bsf        PORTB,1         ;para que se vayan prendiendo de a uno
0030   2???           00112                 call   RETARDO_DE500ms
0031   1506           00113                 bsf        PORTB,2 
0032   2???           00114                 call   RETARDO_DE500ms 
0033   1586           00115                 bsf        PORTB,3 
0034   2???           00116                 call   RETARDO_DE500ms
                      00117                 
0035   0008           00118                 return
                      00119 
                      00120 ;********************************************************************
                      00121 
0036                  00122 APAGAR_LEDS_DE_A_UNO
                      00123 
0036   1283           00124                 bcf    STATUS,RP0       ;en esta subrutina basicamente haremos 
0037   1186           00125                 bcf        PORTB,3          ;haremos los mismo que la subrutina 
0038   2???           00126                 call   RETARDO_DE500ms  ;PRENDER_LEDS_DE_A_UNO pero, apagaremos los
0039   1106           00127                 bcf        PORTB,2          ;leds de a uno con el uso del "bcf" de abajo
003A   2???           00128                 call   RETARDO_DE500ms   ;hacia arriba
003B   1086           00129                 bcf        PORTB,1 
003C   2???           00130                 call   RETARDO_DE500ms 
003D   1006           00131                 bcf        PORTB,0 
003E   2???           00132                 call   RETARDO_DE500ms
                      00133                 
003F   0008           00134                 return
                      00135                 
                      00136 ;********************************************************************
                      00137 ;                           RETARDOS                                *
                      00138 ;********************************************************************
                      00139 ;son los mismos del primer ejercicio, agregnado el de 500 ms
                      00140 
0040                  00141 RETARDO_DE1MS                  ;RETARDO PARA 1 MILISEGUNDO YA QUE 256 ES EL MAXIMO DEL PIC
                      00142 
0040   30FA           00143                 movlw d'250'            ;cargamos el registro de trabajo
0041   00A0           00144                 movwf ACUMULADOR1       ; para luego moverlo al ACUMULADOR1
0042                  00145 RETARDOAUX1 
0042   0000           00146         nop
0043   0BA0           00147         decfsz ACUMULADOR1,F    ;con esta instruccion decremento el ACUMULADOR1 hacemos esto hasta que 
0044   2???           00148         goto RETARDOAUX1        ;se haya decrementado a 0, lo que significa 1ms de retardo
0045   0008           00149         RETURN
                      00150 ;********************************************************************
MPASM  5.50                     PROYECTO2.ASM   11-8-2022  20:07:29         PAGE  4


LOC  OBJECT CODE     LINE SOURCE TEXT
  VALUE

                      00151 
0046                  00152 RETARDO_DE250MS                 ;con esta subrutina generaremos 250 ms
0046   30FA           00153          movlw D'250'            ;Cantidad de veces que voy a llamar a la subrutina "RETARDOS_DE1MS"
0047   00A1           00154          movwf ACUMULADOR2
                      00155 
0048                  00156 RETARDOAUX2   
0048   2???           00157          call   RETARDO_DE1MS        ;llamamos al retardo de 1ms para por cada vuelta a RETARDOAUX2
0049   0BA1           00158          decfsz    ACUMULADOR2,F     ;vayamos decrementando en uno los 250 del ACUMULADOR1
004A   2???           00159          goto RETARDOAUX2            ;Lo repito hasta ACUMULADOR2 que quede en 0. Lo cual seria,250ms de
                             retardo
004B   0008           00160          RETURN
                      00161 
                      00162 ;********************************************************************
                      00163 
004C                  00164 RETARDO_DE500ms                    ;con esta subrutina generaremos 500 ms osea  0,5seg
004C   3002           00165          movlw     D'2'         ;Cantidad de veces que voy a llamar a la subrutina "RETARDO_DE250MS"
004D   00A2           00166          movwf     ACUMULADOR3
                      00167 
004E                  00168 RETARDOAUX3      
004E   2???           00169              call  RETARDO_DE250MS     ;Al llamarlo 2 veces vamos a generar 0,5seg
004F   0BA2           00170          decfsz     ACUMULADOR3,F  ;decrementamos hasta que
0050   2???           00171          goto   RETARDOAUX3        ;ACUMULADOR3 quede en 0
0051   0008           00172          RETURN
                      00173 
                      00174 ;********************************************************************
                      00175 
0052                  00176 RETARDO_DE1S                    ;con esta subrutina generaremos 1000 ms osea 1 seg
0052   3004           00177          movlw     D'4'         ;Cantidad de veces que voy a llamar a la subrutina "RETARDO_DE250MS"
0053   00A3           00178          movwf     ACUMULADOR4
                      00179 
0054                  00180 RETARDOAUX4      
0054   2???           00181              call  RETARDO_DE250MS     ;Al llamarlo 4 veces vamos a generar 1seg
0055   0BA3           00182          decfsz     ACUMULADOR4,F  ;decrementamos hasta que
0056   2???           00183          goto   RETARDOAUX4        ;ACUMULADOR3 quede en 0
0057   0008           00184          RETURN
                      00185 
                      00186 
                      00187 
                      00188 ;********************************************************************
3F10                  00189                 END
MPASM  5.50                     PROYECTO2.ASM   11-8-2022  20:07:29         PAGE  5


SYMBOL TABLE
  LABEL                             VALUE 

ACUMULADOR1                       00000020
ACUMULADOR2                       00000021
ACUMULADOR3                       00000022
ACUMULADOR4                       00000023
ADDEN                             00000003
ADEN                              00000003
APAGAR_LEDS_DE_A_UNO              00000036
BRGH                              00000002
C                                 00000000
C1INV                             00000004
C1OUT                             00000006
C2INV                             00000005
C2OUT                             00000007
CCP1CON                           00000017
CCP1IE                            00000002
CCP1IF                            00000002
CCP1M0                            00000000
CCP1M1                            00000001
CCP1M2                            00000002
CCP1M3                            00000003
CCP1X                             00000005
CCP1Y                             00000004
CCPR1                             00000015
CCPR1H                            00000016
CCPR1L                            00000015
CIS                               00000003
CM0                               00000000
CM1                               00000001
CM2                               00000002
CMCON                             0000001F
CMIE                              00000006
CMIF                              00000006
CONFIGURACION_DE_PUERTOS          0000001A
CREN                              00000004
CSRC                              00000007
DATA_CP_OFF                       00003FFF
DATA_CP_ON                        00003EFF
DC                                00000001
EEADR                             0000009B
EECON1                            0000009C
EECON2                            0000009D
EEDATA                            0000009A
EEIE                              00000007
EEIF                              00000007
F                                 00000001
FERR                              00000002
FSR                               00000004
GIE                               00000007
INDF                              00000000
INICIO                            00000000
INTCON                            0000000B
INTE                              00000004
INTEDG                            00000006
MPASM  5.50                     PROYECTO2.ASM   11-8-2022  20:07:29         PAGE  6


SYMBOL TABLE
  LABEL                             VALUE 

INTF                              00000001
IRP                               00000007
NOT_BO                            00000000
NOT_BOD                           00000000
NOT_BOR                           00000000
NOT_PD                            00000003
NOT_POR                           00000001
NOT_RBPU                          00000007
NOT_T1SYNC                        00000002
NOT_TO                            00000004
OERR                              00000001
OPTION_REG                        00000081
OSCF                              00000003
PCL                               00000002
PCLATH                            0000000A
PCON                              0000008E
PEIE                              00000006
PIE1                              0000008C
PIR1                              0000000C
PORTA                             00000005
PORTB                             00000006
PR2                               00000092
PRENDERYAPAGAR_LEDS               00000026
PRENDER_LEDS                      00000020
PRENDER_LEDS_DE_A_UNO             0000002C
PS0                               00000000
PS1                               00000001
PS2                               00000002
PSA                               00000003
RA0                               00000000
RA1                               00000001
RA2                               00000002
RA3                               00000003
RA4                               00000004
RA5                               00000005
RA6                               00000006
RA7                               00000007
RB0                               00000000
RB1                               00000001
RB2                               00000002
RB3                               00000003
RB4                               00000004
RB5                               00000005
RB6                               00000006
RB7                               00000007
RBIE                              00000003
RBIF                              00000000
RCIE                              00000005
RCIF                              00000005
RCREG                             0000001A
RCSTA                             00000018
RD                                00000000
RETARDOAUX1                       00000042
MPASM  5.50                     PROYECTO2.ASM   11-8-2022  20:07:29         PAGE  7


SYMBOL TABLE
  LABEL                             VALUE 

RETARDOAUX2                       00000048
RETARDOAUX3                       0000004E
RETARDOAUX4                       00000054
RETARDO_DE1MS                     00000040
RETARDO_DE1S                      00000052
RETARDO_DE250MS                   00000046
RETARDO_DE500ms                   0000004C
RP0                               00000005
RP1                               00000006
RX9                               00000006
RX9D                              00000000
SPBRG                             00000099
SPEN                              00000007
SREN                              00000005
STATUS                            00000003
SYNC                              00000004
T0CS                              00000005
T0IE                              00000005
T0IF                              00000002
T0SE                              00000004
T1CKPS0                           00000004
T1CKPS1                           00000005
T1CON                             00000010
T1OSCEN                           00000003
T2CKPS0                           00000000
T2CKPS1                           00000001
T2CON                             00000012
TMR0                              00000001
TMR0IE                            00000005
TMR0IF                            00000002
TMR1                              0000000E
TMR1CS                            00000001
TMR1H                             0000000F
TMR1IE                            00000000
TMR1IF                            00000000
TMR1L                             0000000E
TMR1ON                            00000000
TMR2                              00000011
TMR2IE                            00000001
TMR2IF                            00000001
TMR2ON                            00000002
TOUTPS0                           00000003
TOUTPS1                           00000004
TOUTPS2                           00000005
TOUTPS3                           00000006
TRISA                             00000085
TRISA0                            00000000
TRISA1                            00000001
TRISA2                            00000002
TRISA3                            00000003
TRISA4                            00000004
TRISA5                            00000005
TRISA6                            00000006
MPASM  5.50                     PROYECTO2.ASM   11-8-2022  20:07:29         PAGE  8


SYMBOL TABLE
  LABEL                             VALUE 

TRISA7                            00000007
TRISB                             00000086
TRISB0                            00000000
TRISB1                            00000001
TRISB2                            00000002
TRISB3                            00000003
TRISB4                            00000004
TRISB5                            00000005
TRISB6                            00000006
TRISB7                            00000007
TRMT                              00000001
TX9                               00000006
TX9D                              00000000
TXEN                              00000005
TXIE                              00000004
TXIF                              00000004
TXREG                             00000019
TXSTA                             00000098
VR0                               00000000
VR1                               00000001
VR2                               00000002
VR3                               00000003
VRCON                             0000009F
VREN                              00000007
VROE                              00000006
VRR                               00000005
W                                 00000000
WR                                00000001
WREN                              00000002
WRERR                             00000003
Z                                 00000002
_BODEN_OFF                        00003FBF
_BODEN_ON                         00003FFF
_BOREN_OFF                        00003FBF
_BOREN_ON                         00003FFF
_CONFIG                           00002007
_CPD_OFF                          00003FFF
_CPD_ON                           00003EFF
_CP_OFF                           00003FFF
_CP_ON                            00001FFF
_DEVID1                           00002006
_ER_OSC_CLKOUT                    00003FFF
_ER_OSC_NOCLKOUT                  00003FFE
_EXTCLK_OSC                       00003FEF
_FOSC_ECIO                        00003FEF
_FOSC_EXTRCCLK                    00003FFF
_FOSC_EXTRCIO                     00003FFE
_FOSC_HS                          00003FEE
_FOSC_INTOSCCLK                   00003FFD
_FOSC_INTOSCIO                    00003FFC
_FOSC_LP                          00003FEC
_FOSC_XT                          00003FED
_HS_OSC                           00003FEE
MPASM  5.50                     PROYECTO2.ASM   11-8-2022  20:07:29         PAGE  9


SYMBOL TABLE
  LABEL                             VALUE 

_IDLOC0                           00002000
_IDLOC1                           00002001
_IDLOC2                           00002002
_IDLOC3                           00002003
_INTOSC_OSC_CLKOUT                00003FFD
_INTOSC_OSC_NOCLKOUT              00003FFC
_INTRC_OSC_CLKOUT                 00003FFD
_INTRC_OSC_NOCLKOUT               00003FFC
_LP_OSC                           00003FEC
_LVP_OFF                          00003F7F
_LVP_ON                           00003FFF
_MCLRE_OFF                        00003FDF
_MCLRE_ON                         00003FFF
_PWRTE_OFF                        00003FFF
_PWRTE_ON                         00003FF7
_RC_OSC_CLKOUT                    00003FFF
_RC_OSC_NOCLKOUT                  00003FFE
_WDTE_OFF                         00003FFB
_WDTE_ON                          00003FFF
_WDT_OFF                          00003FFB
_WDT_ON                           00003FFF
_XT_OSC                           00003FED
__16F628A                         00000001
__DEBUG                           1

Errors   :     0
Warnings :     0 reported,     0 suppressed
Messages :     0 reported,     1 suppressed

